TN:
SF:C:\Users\x284788\Documents\Angular\RESTserver\dist\services\search\providers\OpenCageDataProvider.js
FN:2,(anonymous_0)
FN:3,(anonymous_1)
FN:4,fulfilled
FN:5,rejected
FN:6,step
FN:6,(anonymous_5)
FN:10,(anonymous_6)
FN:17,(anonymous_7)
FN:17,(anonymous_8)
FNF:9
FNH:1
FNDA:0,(anonymous_0)
FNDA:0,(anonymous_1)
FNDA:0,fulfilled
FNDA:0,rejected
FNDA:0,step
FNDA:0,(anonymous_5)
FNDA:2,(anonymous_6)
FNDA:0,(anonymous_7)
FNDA:0,(anonymous_8)
DA:2,1
DA:3,0
DA:4,0
DA:5,0
DA:6,0
DA:7,0
DA:10,1
DA:11,2
DA:13,1
DA:14,1
DA:15,1
DA:16,1
DA:17,1
DA:18,0
DA:19,0
DA:20,0
DA:21,0
LF:17
LH:8
BRDA:2,0,0,1
BRDA:2,0,1,1
BRDA:2,0,2,1
BRDA:3,1,0,0
BRDA:3,1,1,0
BRDA:6,2,0,0
BRDA:6,2,1,0
BRDA:7,3,0,0
BRDA:7,3,1,0
BRDA:10,4,0,1
BRDA:10,4,1,1
BRDA:10,4,2,1
BRDA:11,5,0,0
BRDA:11,5,1,2
BRDA:11,6,0,2
BRDA:11,6,1,2
BRF:16
BRH:9
end_of_record
TN:
SF:C:\Users\x284788\Documents\Angular\RESTserver\src\middleware\apiDocs.ts
FN:5,(anonymous_1)
FNF:1
FNH:1
FNDA:1,(anonymous_1)
DA:2,1
DA:3,1
DA:5,1
DA:6,1
LF:4
LH:4
BRF:0
BRH:0
end_of_record
TN:
SF:C:\Users\x284788\Documents\Angular\RESTserver\src\middleware\checks.ts
FN:4,(anonymous_0)
FNF:1
FNH:1
FNDA:1,(anonymous_0)
DA:2,1
DA:4,1
DA:9,1
DA:10,0
DA:12,1
LF:5
LH:4
BRDA:9,0,0,0
BRDA:9,0,1,1
BRF:2
BRH:1
end_of_record
TN:
SF:C:\Users\x284788\Documents\Angular\RESTserver\src\middleware\common.ts
FN:6,(anonymous_1)
FN:9,(anonymous_2)
FN:14,(anonymous_3)
FNF:3
FNH:3
FNDA:1,(anonymous_1)
FNDA:1,(anonymous_2)
FNDA:1,(anonymous_3)
DA:2,1
DA:3,1
DA:4,1
DA:6,1
DA:7,1
DA:9,1
DA:10,1
DA:11,1
DA:14,1
DA:15,1
LF:10
LH:10
BRF:0
BRH:0
end_of_record
TN:
SF:C:\Users\x284788\Documents\Angular\RESTserver\src\middleware\errorHandlers.ts
FN:4,(anonymous_1)
FN:5,(anonymous_2)
FN:10,(anonymous_3)
FN:11,(anonymous_4)
FN:16,(anonymous_5)
FN:17,(anonymous_6)
FNF:6
FNH:3
FNDA:1,(anonymous_1)
FNDA:0,(anonymous_2)
FNDA:1,(anonymous_3)
FNDA:0,(anonymous_4)
FNDA:1,(anonymous_5)
FNDA:0,(anonymous_6)
DA:2,1
DA:4,1
DA:5,1
DA:6,0
DA:10,1
DA:11,1
DA:12,0
DA:16,1
DA:17,1
DA:18,0
DA:22,1
LF:11
LH:8
BRF:0
BRH:0
end_of_record
TN:
SF:C:\Users\x284788\Documents\Angular\RESTserver\src\middleware\index.ts
FNF:0
FNH:0
DA:1,1
DA:7,1
DA:9,1
LF:3
LH:3
BRF:0
BRH:0
end_of_record
TN:
SF:C:\Users\x284788\Documents\Angular\RESTserver\src\services\search\SearchController.ts
FN:4,(anonymous_6)
FN:4,(anonymous_7)
FNF:2
FNH:2
FNDA:1,(anonymous_6)
FNDA:1,(anonymous_7)
DA:2,1
DA:4,1
DA:5,1
DA:6,0
DA:12,1
LF:5
LH:4
BRDA:5,0,0,0
BRDA:5,0,1,1
BRF:2
BRH:1
end_of_record
TN:
SF:C:\Users\x284788\Documents\Angular\RESTserver\src\services\search\routes.ts
FN:11,(anonymous_6)
FN:11,(anonymous_7)
FNF:2
FNH:2
FNDA:1,(anonymous_6)
FNDA:1,(anonymous_7)
DA:2,1
DA:3,1
DA:5,1
DA:11,1
DA:12,1
DA:13,1
LF:6
LH:6
BRF:0
BRH:0
end_of_record
TN:
SF:C:\Users\x284788\Documents\Angular\RESTserver\src\services\search\providers\OpenCageDataProvider.ts
FN:6,(anonymous_7)
FN:6,(anonymous_8)
FNF:2
FNH:2
FNDA:3,(anonymous_7)
FNDA:3,(anonymous_8)
DA:1,2
DA:2,2
DA:4,2
DA:6,3
DA:7,3
DA:8,3
DA:9,3
DA:10,3
LF:8
LH:8
BRF:0
BRH:0
end_of_record
TN:
SF:C:\Users\x284788\Documents\Angular\RESTserver\src\utils\errorHandler.ts
FN:4,(anonymous_0)
FN:7,(anonymous_1)
FN:16,(anonymous_2)
FNF:3
FNH:0
FNDA:0,(anonymous_0)
FNDA:0,(anonymous_1)
FNDA:0,(anonymous_2)
DA:2,1
DA:3,1
DA:4,1
DA:5,0
DA:7,1
DA:8,0
DA:9,0
DA:10,0
DA:13,0
DA:16,1
DA:17,0
DA:18,0
DA:19,0
DA:22,0
LF:14
LH:5
BRDA:8,0,0,0
BRDA:8,0,1,0
BRDA:18,1,0,0
BRDA:18,1,1,0
BRF:4
BRH:0
end_of_record
TN:
SF:C:\Users\x284788\Documents\Angular\RESTserver\src\utils\httpErrors.ts
FN:5,(anonymous_0)
FN:19,(anonymous_1)
FN:27,(anonymous_2)
FNF:3
FNH:0
FNDA:0,(anonymous_0)
FNDA:0,(anonymous_1)
FNDA:0,(anonymous_2)
DA:1,1
DA:6,0
DA:7,0
DA:9,0
DA:11,0
DA:12,0
DA:16,1
DA:17,0
DA:20,0
DA:24,1
DA:25,0
DA:28,0
LF:12
LH:3
BRDA:6,0,0,0
BRDA:6,0,1,0
BRDA:19,1,0,0
BRDA:27,2,0,0
BRF:4
BRH:0
end_of_record
TN:
SF:C:\Users\x284788\Documents\Angular\RESTserver\src\utils\index.ts
FN:5,(anonymous_0)
FN:26,(anonymous_1)
FNF:2
FNH:2
FNDA:2,(anonymous_0)
FNDA:1,(anonymous_1)
DA:5,1
DA:9,2
DA:10,7
DA:26,1
DA:27,1
DA:28,1
DA:29,1
LF:7
LH:7
BRF:0
BRH:0
end_of_record
